WallPaperHub/app/build/intermediates/manifest_merge_blame_file/debug/manifest-merger-blame-debug-report.txt
1<?xml version="1.0" encoding="utf-8"?>
2<manifest xmlns:android="http://schemas.android.com/apk/res/android"
3    package="com.ahzam.example.wallpaperhub"
4    android:versionCode="1"
5    android:versionName="1.0" >
6
7    <uses-sdk
8        android:minSdkVersion="23"
8-->src/main/AndroidManifest.xml
9        android:targetSdkVersion="27" />
9-->src/main/AndroidManifest.xml
10
11    <uses-permission android:name="android.permission.WRITE_EXTERNAL_STORAGE" />
11-->src/main/AndroidManifest.xml:5:5-81
11-->src/main/AndroidManifest.xml:5:22-78
12
13    <!-- Required permission for App measurement to run. -->
14    <uses-permission android:name="android.permission.INTERNET" />
14-->[com.google.firebase:firebase-analytics:15.0.2] AndroidManifest.xml:23:5-67
14-->[com.google.firebase:firebase-analytics:15.0.2] AndroidManifest.xml:23:22-64
15    <uses-permission android:name="android.permission.ACCESS_NETWORK_STATE" />
15-->[com.google.firebase:firebase-analytics:15.0.2] AndroidManifest.xml:24:5-79
15-->[com.google.firebase:firebase-analytics:15.0.2] AndroidManifest.xml:24:22-76
16    <uses-permission android:name="android.permission.WAKE_LOCK" />
16-->[com.google.firebase:firebase-analytics:15.0.2] AndroidManifest.xml:25:5-68
16-->[com.google.firebase:firebase-analytics:15.0.2] AndroidManifest.xml:25:22-65
17    <uses-permission android:name="com.google.android.finsky.permission.BIND_GET_INSTALL_REFERRER_SERVICE" /> <!-- Required by older versions of Google Play services to create IID tokens -->
17-->[com.google.firebase:firebase-analytics:15.0.2] AndroidManifest.xml:26:5-110
17-->[com.google.firebase:firebase-analytics:15.0.2] AndroidManifest.xml:26:22-107
18    <uses-permission android:name="com.google.android.c2dm.permission.RECEIVE" />
18-->[com.google.firebase:firebase-iid:15.1.0] AndroidManifest.xml:26:5-82
18-->[com.google.firebase:firebase-iid:15.1.0] AndroidManifest.xml:26:22-79
19
20    <permission
20-->[com.google.firebase:firebase-iid:15.1.0] AndroidManifest.xml:28:5-30:47
21        android:name="com.ahzam.example.wallpaperhub.permission.C2D_MESSAGE"
21-->[com.google.firebase:firebase-iid:15.1.0] AndroidManifest.xml:29:9-63
22        android:protectionLevel="signature" />
22-->[com.google.firebase:firebase-iid:15.1.0] AndroidManifest.xml:30:9-44
23
24    <uses-permission android:name="com.ahzam.example.wallpaperhub.permission.C2D_MESSAGE" />
24-->[com.google.firebase:firebase-iid:15.1.0] AndroidManifest.xml:32:5-79
24-->[com.google.firebase:firebase-iid:15.1.0] AndroidManifest.xml:32:22-76
25
26    <application
26-->src/main/AndroidManifest.xml:7:5-25:19
27        android:allowBackup="true"
27-->src/main/AndroidManifest.xml:8:9-35
28        android:debuggable="true"
29        android:extractNativeLibs="false"
30        android:icon="@drawable/ic_wallpaper_hub"
30-->src/main/AndroidManifest.xml:9:9-50
31        android:label="@string/app_name"
31-->src/main/AndroidManifest.xml:10:9-41
32        android:roundIcon="@drawable/ic_wallpaper_hub"
32-->src/main/AndroidManifest.xml:11:9-55
33        android:supportsRtl="true"
33-->src/main/AndroidManifest.xml:12:9-35
34        android:testOnly="true"
35        android:theme="@style/AppTheme" >
35-->src/main/AndroidManifest.xml:13:9-40
36        <activity
36-->src/main/AndroidManifest.xml:14:9-22:20
37            android:name="com.ahzam.example.wallpaperhub.activities.MainActivity"
37-->src/main/AndroidManifest.xml:15:13-52
38            android:theme="@style/SpashScreen" >
38-->src/main/AndroidManifest.xml:16:13-47
39            <intent-filter>
39-->src/main/AndroidManifest.xml:17:13-21:29
40                <action android:name="android.intent.action.MAIN" />
40-->src/main/AndroidManifest.xml:18:17-69
40-->src/main/AndroidManifest.xml:18:25-66
41
42                <category android:name="android.intent.category.LAUNCHER" />
42-->src/main/AndroidManifest.xml:20:17-77
42-->src/main/AndroidManifest.xml:20:27-74
43            </intent-filter>
44        </activity>
45        <activity android:name="com.ahzam.example.wallpaperhub.activities.HomeActivity" />
45-->src/main/AndroidManifest.xml:23:9-61
45-->src/main/AndroidManifest.xml:23:19-58
46        <activity android:name="com.ahzam.example.wallpaperhub.activities.WallpapersActivity" />
46-->src/main/AndroidManifest.xml:24:9-76
46-->src/main/AndroidManifest.xml:24:19-64
47        <activity
47-->[com.google.firebase:firebase-auth:15.0.0] AndroidManifest.xml:23:9-29:75
48            android:name="com.google.firebase.auth.internal.FederatedSignInActivity"
48-->[com.google.firebase:firebase-auth:15.0.0] AndroidManifest.xml:24:13-85
49            android:excludeFromRecents="true"
49-->[com.google.firebase:firebase-auth:15.0.0] AndroidManifest.xml:25:13-46
50            android:exported="true"
50-->[com.google.firebase:firebase-auth:15.0.0] AndroidManifest.xml:26:13-36
51            android:launchMode="singleInstance"
51-->[com.google.firebase:firebase-auth:15.0.0] AndroidManifest.xml:27:13-48
52            android:permission="com.google.firebase.auth.api.gms.permission.LAUNCH_FEDERATED_SIGN_IN"
52-->[com.google.firebase:firebase-auth:15.0.0] AndroidManifest.xml:28:13-102
53            android:theme="@android:style/Theme.Translucent.NoTitleBar" />
53-->[com.google.firebase:firebase-auth:15.0.0] AndroidManifest.xml:29:13-72
54        <activity
54-->[com.google.android.gms:play-services-auth:15.0.0] AndroidManifest.xml:23:9-27:75
55            android:name="com.google.android.gms.auth.api.signin.internal.SignInHubActivity"
55-->[com.google.android.gms:play-services-auth:15.0.0] AndroidManifest.xml:24:13-93
56            android:excludeFromRecents="true"
56-->[com.google.android.gms:play-services-auth:15.0.0] AndroidManifest.xml:25:13-46
57            android:exported="false"
57-->[com.google.android.gms:play-services-auth:15.0.0] AndroidManifest.xml:26:13-37
58            android:theme="@android:style/Theme.Translucent.NoTitleBar" />
58-->[com.google.android.gms:play-services-auth:15.0.0] AndroidManifest.xml:27:13-72
59        <!--
60            Service handling Google Sign-In user revocation. For apps that do not integrate with
61            Google Sign-In, this service will never be started.
62        -->
63        <service
63-->[com.google.android.gms:play-services-auth:15.0.0] AndroidManifest.xml:33:9-36:110
64            android:name="com.google.android.gms.auth.api.signin.RevocationBoundService"
64-->[com.google.android.gms:play-services-auth:15.0.0] AndroidManifest.xml:34:13-89
65            android:exported="true"
65-->[com.google.android.gms:play-services-auth:15.0.0] AndroidManifest.xml:35:13-36
66            android:permission="com.google.android.gms.auth.api.signin.permission.REVOCATION_NOTIFICATION" />
66-->[com.google.android.gms:play-services-auth:15.0.0] AndroidManifest.xml:36:13-107
67
68        <receiver
68-->[com.google.firebase:firebase-analytics:15.0.2] AndroidManifest.xml:29:9-33:20
69            android:name="com.google.android.gms.measurement.AppMeasurementReceiver"
69-->[com.google.firebase:firebase-analytics:15.0.2] AndroidManifest.xml:30:13-85
70            android:enabled="true"
70-->[com.google.firebase:firebase-analytics:15.0.2] AndroidManifest.xml:31:13-35
71            android:exported="false" >
71-->[com.google.firebase:firebase-analytics:15.0.2] AndroidManifest.xml:32:13-37
72        </receiver>
73        <receiver
73-->[com.google.firebase:firebase-analytics:15.0.2] AndroidManifest.xml:34:9-42:20
74            android:name="com.google.android.gms.measurement.AppMeasurementInstallReferrerReceiver"
74-->[com.google.firebase:firebase-analytics:15.0.2] AndroidManifest.xml:35:13-100
75            android:enabled="true"
75-->[com.google.firebase:firebase-analytics:15.0.2] AndroidManifest.xml:36:13-35
76            android:exported="true"
76-->[com.google.firebase:firebase-analytics:15.0.2] AndroidManifest.xml:37:13-36
77            android:permission="android.permission.INSTALL_PACKAGES" >
77-->[com.google.firebase:firebase-analytics:15.0.2] AndroidManifest.xml:38:13-69
78            <intent-filter>
78-->[com.google.firebase:firebase-analytics:15.0.2] AndroidManifest.xml:39:13-41:29
79                <action android:name="com.android.vending.INSTALL_REFERRER" />
79-->[com.google.firebase:firebase-analytics:15.0.2] AndroidManifest.xml:40:17-79
79-->[com.google.firebase:firebase-analytics:15.0.2] AndroidManifest.xml:40:25-76
80            </intent-filter>
81        </receiver>
82
83        <service
83-->[com.google.firebase:firebase-analytics:15.0.2] AndroidManifest.xml:44:9-47:40
84            android:name="com.google.android.gms.measurement.AppMeasurementService"
84-->[com.google.firebase:firebase-analytics:15.0.2] AndroidManifest.xml:45:13-84
85            android:enabled="true"
85-->[com.google.firebase:firebase-analytics:15.0.2] AndroidManifest.xml:46:13-35
86            android:exported="false" />
86-->[com.google.firebase:firebase-analytics:15.0.2] AndroidManifest.xml:47:13-37
87        <service
87-->[com.google.firebase:firebase-analytics:15.0.2] AndroidManifest.xml:48:9-52:72
88            android:name="com.google.android.gms.measurement.AppMeasurementJobService"
88-->[com.google.firebase:firebase-analytics:15.0.2] AndroidManifest.xml:49:13-87
89            android:enabled="true"
89-->[com.google.firebase:firebase-analytics:15.0.2] AndroidManifest.xml:50:13-35
90            android:exported="false"
90-->[com.google.firebase:firebase-analytics:15.0.2] AndroidManifest.xml:51:13-37
91            android:permission="android.permission.BIND_JOB_SERVICE" />
91-->[com.google.firebase:firebase-analytics:15.0.2] AndroidManifest.xml:52:13-69
92        <service android:name="com.google.firebase.components.ComponentDiscoveryService" >
92-->[com.google.firebase:firebase-iid:15.1.0] AndroidManifest.xml:35:9-39:19
92-->[com.google.firebase:firebase-iid:15.1.0] AndroidManifest.xml:35:18-89
93            <meta-data
93-->[com.google.firebase:firebase-iid:15.1.0] AndroidManifest.xml:36:13-38:85
94                android:name="com.google.firebase.components:com.google.firebase.iid.Registrar"
94-->[com.google.firebase:firebase-iid:15.1.0] AndroidManifest.xml:37:17-96
95                android:value="com.google.firebase.components.ComponentRegistrar" />
95-->[com.google.firebase:firebase-iid:15.1.0] AndroidManifest.xml:38:17-82
96        </service>
97
98        <receiver
98-->[com.google.firebase:firebase-iid:15.1.0] AndroidManifest.xml:41:9-50:20
99            android:name="com.google.firebase.iid.FirebaseInstanceIdReceiver"
99-->[com.google.firebase:firebase-iid:15.1.0] AndroidManifest.xml:42:13-78
100            android:exported="true"
100-->[com.google.firebase:firebase-iid:15.1.0] AndroidManifest.xml:43:13-36
101            android:permission="com.google.android.c2dm.permission.SEND" >
101-->[com.google.firebase:firebase-iid:15.1.0] AndroidManifest.xml:44:13-73
102            <intent-filter>
102-->[com.google.firebase:firebase-iid:15.1.0] AndroidManifest.xml:45:13-49:29
103                <action android:name="com.google.android.c2dm.intent.RECEIVE" />
103-->[com.google.firebase:firebase-iid:15.1.0] AndroidManifest.xml:46:17-81
103-->[com.google.firebase:firebase-iid:15.1.0] AndroidManifest.xml:46:25-78
104
105                <category android:name="com.ahzam.example.wallpaperhub" />
105-->[com.google.firebase:firebase-iid:15.1.0] AndroidManifest.xml:48:17-61
105-->[com.google.firebase:firebase-iid:15.1.0] AndroidManifest.xml:48:27-58
106            </intent-filter>
107        </receiver>
108        <!--
109             FirebaseInstanceIdService performs security checks at runtime,
110             no need for explicit permissions despite exported="true"
111        -->
112        <service
112-->[com.google.firebase:firebase-iid:15.1.0] AndroidManifest.xml:56:9-62:19
113            android:name="com.google.firebase.iid.FirebaseInstanceIdService"
113-->[com.google.firebase:firebase-iid:15.1.0] AndroidManifest.xml:57:13-77
114            android:exported="true" >
114-->[com.google.firebase:firebase-iid:15.1.0] AndroidManifest.xml:58:13-36
115            <intent-filter android:priority="-500" >
115-->[com.google.firebase:firebase-iid:15.1.0] AndroidManifest.xml:59:13-61:29
115-->[com.google.firebase:firebase-iid:15.1.0] AndroidManifest.xml:59:28-51
116                <action android:name="com.google.firebase.INSTANCE_ID_EVENT" />
116-->[com.google.firebase:firebase-iid:15.1.0] AndroidManifest.xml:60:17-80
116-->[com.google.firebase:firebase-iid:15.1.0] AndroidManifest.xml:60:25-77
117            </intent-filter>
118        </service>
119
120        <provider
120-->[com.google.firebase:firebase-common:15.0.1] AndroidManifest.xml:8:9-12:39
121            android:name="com.google.firebase.provider.FirebaseInitProvider"
121-->[com.google.firebase:firebase-common:15.0.1] AndroidManifest.xml:9:13-77
122            android:authorities="com.ahzam.example.wallpaperhub.firebaseinitprovider"
122-->[com.google.firebase:firebase-common:15.0.1] AndroidManifest.xml:10:13-72
123            android:exported="false"
123-->[com.google.firebase:firebase-common:15.0.1] AndroidManifest.xml:11:13-37
124            android:initOrder="100" />
124-->[com.google.firebase:firebase-common:15.0.1] AndroidManifest.xml:12:13-36
125
126        <activity
126-->[com.google.android.gms:play-services-base:15.0.1] AndroidManifest.xml:23:9-26:75
127            android:name="com.google.android.gms.common.api.GoogleApiActivity"
127-->[com.google.android.gms:play-services-base:15.0.1] AndroidManifest.xml:24:13-79
128            android:exported="false"
128-->[com.google.android.gms:play-services-base:15.0.1] AndroidManifest.xml:25:13-37
129            android:theme="@android:style/Theme.Translucent.NoTitleBar" /> <!-- Include the AdActivity and InAppPurchaseActivity configChanges and themes. -->
129-->[com.google.android.gms:play-services-base:15.0.1] AndroidManifest.xml:26:13-72
130        <activity
130-->[com.google.android.gms:play-services-ads-lite:15.0.1] AndroidManifest.xml:29:9-33:64
131            android:name="com.google.android.gms.ads.AdActivity"
131-->[com.google.android.gms:play-services-ads-lite:15.0.1] AndroidManifest.xml:30:13-65
132            android:configChanges="keyboard|keyboardHidden|orientation|screenLayout|uiMode|screenSize|smallestScreenSize"
132-->[com.google.android.gms:play-services-ads-lite:15.0.1] AndroidManifest.xml:31:13-122
133            android:exported="false"
133-->[com.google.android.gms:play-services-ads-lite:15.0.1] AndroidManifest.xml:32:13-37
134            android:theme="@android:style/Theme.Translucent" />
134-->[com.google.android.gms:play-services-ads-lite:15.0.1] AndroidManifest.xml:33:13-61
135
136        <meta-data
136-->[com.google.android.gms:play-services-basement:15.0.1] AndroidManifest.xml:23:9-25:69
137            android:name="com.google.android.gms.version"
137-->[com.google.android.gms:play-services-basement:15.0.1] AndroidManifest.xml:24:13-58
138            android:value="@integer/google_play_services_version" />
138-->[com.google.android.gms:play-services-basement:15.0.1] AndroidManifest.xml:25:13-66
139        <meta-data
139-->[com.android.support:customtabs:26.1.0] AndroidManifest.xml:23:9-25:38
140            android:name="android.support.VERSION"
140-->[com.android.support:customtabs:26.1.0] AndroidManifest.xml:24:13-51
141            android:value="26.1.0" />
141-->[com.android.support:customtabs:26.1.0] AndroidManifest.xml:25:13-35
142    </application>
143
144</manifest>